<?xml version="1.0" encoding="UTF-8"?>
<testng-results ignored="0" total="2" passed="2" failed="0" skipped="0">
  <reporter-output>
  </reporter-output>
  <suite started-at="2021-09-23T16:56:11 IST" name="Suite" finished-at="2021-09-23T16:56:35 IST" duration-ms="23690">
    <groups>
    </groups>
    <test started-at="2021-09-23T16:56:11 IST" name="Test" finished-at="2021-09-23T16:56:35 IST" duration-ms="23690">
      <class name="com.tbm.automation.LoginTest">
        <test-method is-config="true" signature="beforeTest()[pri:0, instance:com.tbm.automation.LoginTest@73ee04c8]" started-at="2021-09-23T16:56:11 IST" name="beforeTest" finished-at="2021-09-23T16:56:21 IST" duration-ms="9699" status="PASS">
          <reporter-output>
          </reporter-output>
        </test-method> <!-- beforeTest -->
        <test-method signature="test1()[pri:0, instance:com.tbm.automation.LoginTest@73ee04c8]" started-at="2021-09-23T16:56:21 IST" name="test1" finished-at="2021-09-23T16:56:23 IST" duration-ms="2273" status="PASS">
          <reporter-output>
          </reporter-output>
        </test-method> <!-- test1 -->
        <test-method is-config="true" signature="afterTest()[pri:0, instance:com.tbm.automation.LoginTest@73ee04c8]" started-at="2021-09-23T16:56:23 IST" name="afterTest" finished-at="2021-09-23T16:56:24 IST" duration-ms="288" status="PASS">
          <reporter-output>
          </reporter-output>
        </test-method> <!-- afterTest -->
        <test-method is-config="true" signature="beforeTest()[pri:0, instance:com.tbm.automation.LoginTest@73ee04c8]" started-at="2021-09-23T16:56:24 IST" name="beforeTest" finished-at="2021-09-23T16:56:33 IST" duration-ms="9007" status="PASS">
          <reporter-output>
          </reporter-output>
        </test-method> <!-- beforeTest -->
        <test-method signature="test2()[pri:0, instance:com.tbm.automation.LoginTest@73ee04c8]" started-at="2021-09-23T16:56:33 IST" name="test2" finished-at="2021-09-23T16:56:34 IST" duration-ms="1852" status="PASS">
          <reporter-output>
          </reporter-output>
        </test-method> <!-- test2 -->
        <test-method is-config="true" signature="afterTest()[pri:0, instance:com.tbm.automation.LoginTest@73ee04c8]" started-at="2021-09-23T16:56:34 IST" name="afterTest" finished-at="2021-09-23T16:56:35 IST" duration-ms="503" status="PASS">
          <reporter-output>
          </reporter-output>
        </test-method> <!-- afterTest -->
      </class> <!-- com.tbm.automation.LoginTest -->
    </test> <!-- Test -->
  </suite> <!-- Suite -->
</testng-results>
