<?xml version="1.0" encoding="UTF-8"?>
<testng-results ignored="0" total="2" passed="2" failed="0" skipped="0">
  <reporter-output>
  </reporter-output>
  <suite started-at="2021-09-23T14:45:46 IST" name="Suite" finished-at="2021-09-23T14:46:08 IST" duration-ms="22029">
    <groups>
    </groups>
    <test started-at="2021-09-23T14:45:46 IST" name="Test" finished-at="2021-09-23T14:46:08 IST" duration-ms="22029">
      <class name="com.tbm.automation.Sample">
        <test-method is-config="true" signature="beforeTest()[pri:0, instance:com.tbm.automation.Sample@3a6bb9bf]" started-at="2021-09-23T14:45:46 IST" name="beforeTest" finished-at="2021-09-23T14:45:49 IST" duration-ms="3480" status="PASS">
          <reporter-output>
          </reporter-output>
        </test-method> <!-- beforeTest -->
        <test-method signature="test1()[pri:0, instance:com.tbm.automation.Sample@3a6bb9bf]" started-at="2021-09-23T14:45:49 IST" name="test1" finished-at="2021-09-23T14:45:55 IST" duration-ms="5810" status="PASS">
          <reporter-output>
          </reporter-output>
        </test-method> <!-- test1 -->
        <test-method is-config="true" signature="afterTest()[pri:0, instance:com.tbm.automation.Sample@3a6bb9bf]" started-at="2021-09-23T14:45:55 IST" name="afterTest" finished-at="2021-09-23T14:45:59 IST" duration-ms="4318" status="PASS">
          <reporter-output>
          </reporter-output>
        </test-method> <!-- afterTest -->
      </class> <!-- com.tbm.automation.Sample -->
      <class name="com.tbm.automation.Sample2">
        <test-method is-config="true" signature="beforeTest()[pri:0, instance:com.tbm.automation.Sample2@6bedbc4d]" started-at="2021-09-23T14:45:59 IST" name="beforeTest" finished-at="2021-09-23T14:46:01 IST" duration-ms="2087" status="PASS">
          <reporter-output>
          </reporter-output>
        </test-method> <!-- beforeTest -->
        <test-method signature="test1()[pri:0, instance:com.tbm.automation.Sample2@6bedbc4d]" started-at="2021-09-23T14:46:01 IST" name="test1" finished-at="2021-09-23T14:46:07 IST" duration-ms="5520" status="PASS">
          <reporter-output>
          </reporter-output>
        </test-method> <!-- test1 -->
        <test-method is-config="true" signature="afterTest()[pri:0, instance:com.tbm.automation.Sample2@6bedbc4d]" started-at="2021-09-23T14:46:07 IST" name="afterTest" finished-at="2021-09-23T14:46:08 IST" duration-ms="729" status="PASS">
          <reporter-output>
          </reporter-output>
        </test-method> <!-- afterTest -->
      </class> <!-- com.tbm.automation.Sample2 -->
    </test> <!-- Test -->
  </suite> <!-- Suite -->
</testng-results>
